[2021-09-18 00:15:11] New deadchest for [crisws3] in world at X:3104 Y:64 Z:3369
[2021-09-18 00:15:18] Deadchest of [crisws3] was taken by [crisws3] in world
[2021-09-18 05:57:39] New deadchest for [LaTrusaIntrusa] in world at X:-220 Y:67 Z:-855
[2021-09-18 05:58:32] New deadchest for [LaTrusaIntrusa] in world at X:-218 Y:26 Z:-854
[2021-09-18 06:07:41] Deadchest of [LaTrusaIntrusa] has expired in world
[2021-09-18 06:08:34] Deadchest of [LaTrusaIntrusa] has expired in world
[2021-09-18 16:58:41] New deadchest for [Dfoz] in world at X:-1205 Y:72 Z:8459
[2021-09-18 17:00:00] Deadchest of [Dfoz] was taken by [Dfoz] in world
[2021-09-19 02:34:46] New deadchest for [Asunder] in world_the_end at X:-1494 Y:58 Z:706
[2021-09-19 02:40:55] New deadchest for [Asunder] in world_the_end at X:-1494 Y:58 Z:706
[2021-09-19 02:42:48] Player [Asunder] died without inventory : No Deadchest generated
[2021-09-19 02:44:47] Deadchest of [Asunder] has expired in world_the_end
[2021-09-19 02:47:55] New deadchest for [Asunder] in world_the_end at X:40 Y:62 Z:59
[2021-09-19 02:48:26] Deadchest of [Asunder] was taken by [Asunder] in world_the_end
[2021-09-19 02:50:56] Deadchest of [Asunder] has expired in world_the_end
[2021-09-20 02:29:24] New deadchest for [Asunder] in world_the_end at X:40 Y:62 Z:58
[2021-09-20 02:39:24] Deadchest of [Asunder] has expired in world_the_end
[2021-09-21 06:06:31] New deadchest for [LaTrusaIntrusa] in world at X:-73 Y:70 Z:-890
[2021-09-21 06:06:31] Deadchest of [LaTrusaIntrusa] was protected from explosion in world
[2021-09-21 06:07:10] Deadchest of [LaTrusaIntrusa] was taken by [LaTrusaIntrusa] in world
[2021-09-21 20:01:12] New deadchest for [Asunder] in world at X:-489 Y:74 Z:-1031
[2021-09-21 20:01:12] Deadchest of [Asunder] was protected from explosion in world
[2021-09-21 20:01:20] Deadchest of [Asunder] was taken by [Asunder] in world
[2021-09-22 18:27:14] New deadchest for [LaTrusaIntrusa] in world at X:-85 Y:74 Z:-961
[2021-09-22 18:27:46] Deadchest of [LaTrusaIntrusa] was taken by [LaTrusaIntrusa] in world
[2021-09-22 21:20:12] New deadchest for [Asunder] in world at X:-122 Y:77 Z:-1083
[2021-09-22 21:20:12] Deadchest of [Asunder] was protected from explosion in world
[2021-09-22 21:20:21] Deadchest of [Asunder] was taken by [Asunder] in world
[2021-09-22 22:21:05] New deadchest for [Asunder] in world at X:-104 Y:77 Z:-1090
[2021-09-22 22:21:05] Deadchest of [Asunder] was protected from explosion in world
[2021-09-22 22:21:16] Deadchest of [Asunder] was taken by [Asunder] in world
[2021-09-23 01:26:49] New deadchest for [Asunder] in world at X:-95 Y:79 Z:-1086
[2021-09-23 01:26:59] Deadchest of [Asunder] was taken by [Asunder] in world
[2021-09-23 22:36:39] New deadchest for [LaTrusaIntrusa] in world at X:-55 Y:36 Z:-929
[2021-09-23 22:37:16] Deadchest of [LaTrusaIntrusa] was taken by [LaTrusaIntrusa] in world
[2021-09-24 00:21:10] New deadchest for [LaTrusaIntrusa] in world at X:-685 Y:62 Z:2415
[2021-09-24 00:21:45] Player [LaTrusaIntrusa] died without inventory : No Deadchest generated
[2021-09-24 00:22:14] Player [LaTrusaIntrusa] died without inventory : No Deadchest generated
[2021-09-24 00:22:31] Deadchest of [LaTrusaIntrusa] was taken by [LaTrusaIntrusa] in world
[2021-09-24 19:28:40] New deadchest for [Dfoz] in world at X:-1503 Y:71 Z:8434
[2021-09-24 19:28:48] Deadchest of [Dfoz] was taken by [Dfoz] in world
[2021-09-24 20:21:13] New deadchest for [LaTrusaIntrusa] in world at X:-3416 Y:61 Z:-714
[2021-09-24 20:21:24] Deadchest of [LaTrusaIntrusa] was taken by [LaTrusaIntrusa] in world
[2021-09-24 20:22:26] New deadchest for [LaTrusaIntrusa] in world at X:-3424 Y:43 Z:-692
[2021-09-24 20:22:38] Deadchest of [LaTrusaIntrusa] was taken by [LaTrusaIntrusa] in world
[2021-09-24 20:22:42] New deadchest for [LaTrusaIntrusa] in world at X:-3424 Y:43 Z:-690
[2021-09-24 20:23:00] Player [LaTrusaIntrusa] died without inventory : No Deadchest generated
[2021-09-24 20:23:19] Deadchest of [LaTrusaIntrusa] was taken by [LaTrusaIntrusa] in world
[2021-09-24 20:41:42] New deadchest for [LaTrusaIntrusa] in world at X:-541 Y:21 Z:-1495
[2021-09-24 20:41:58] Deadchest of [LaTrusaIntrusa] was taken by [LaTrusaIntrusa] in world
[2021-09-26 22:58:37] New deadchest for [Dfoz] in world at X:-1278 Y:33 Z:8476
[2021-09-26 22:58:37] Deadchest of [Dfoz] was protected from explosion in world
[2021-09-26 22:58:48] Deadchest of [Dfoz] was taken by [Dfoz] in world
[2021-09-26 23:22:06] New deadchest for [korocholo] in world at X:-231 Y:64 Z:-962
[2021-09-26 23:23:12] Deadchest of [korocholo] was taken by [korocholo] in world
[2021-09-27 00:03:52] New deadchest for [korocholo] in world at X:-131 Y:80 Z:-1166
[2021-09-27 00:08:52] Deadchest of [korocholo] has expired in world
[2021-09-28 03:12:05] New deadchest for [korocholo] in world at X:-50 Y:71 Z:-894
[2021-09-28 03:12:19] Deadchest of [korocholo] was taken by [korocholo] in world
[2021-09-28 03:12:26] New deadchest for [korocholo] in world at X:-50 Y:71 Z:-894
[2021-09-28 03:12:26] Deadchest of [korocholo] was protected from explosion in world
[2021-09-28 03:12:47] Deadchest of [korocholo] was taken by [korocholo] in world
[2021-09-28 03:12:51] New deadchest for [korocholo] in world at X:-54 Y:71 Z:-903
[2021-09-28 03:17:53] Deadchest of [korocholo] has expired in world
[2021-10-01 16:13:41] New deadchest for [Dfoz] in world_the_end at X:4 Y:1 Z:-119
[2021-10-01 16:14:55] Deadchest of [Dfoz] was taken by [Dfoz] in world_the_end
[2021-10-01 17:01:14] New deadchest for [Dfoz] in world_the_end at X:4 Y:50 Z:-378
[2021-10-01 17:01:23] Deadchest of [Dfoz] was taken by [Dfoz] in world_the_end
[2021-10-01 17:01:49] New deadchest for [Dfoz] in world_the_end at X:4 Y:51 Z:-377
[2021-10-01 17:01:58] Deadchest of [Dfoz] was taken by [Dfoz] in world_the_end
[2021-10-01 17:28:42] New deadchest for [Dfoz] in world_the_end at X:4 Y:51 Z:-377
[2021-10-01 17:28:51] Deadchest of [Dfoz] was taken by [Dfoz] in world_the_end
[2021-10-01 18:47:14] New deadchest for [Dfoz] in world_the_end at X:4 Y:1 Z:-343
[2021-10-01 18:47:21] Deadchest of [Dfoz] was taken by [Dfoz] in world_the_end
[2021-10-01 22:19:09] New deadchest for [Dfoz] in world_the_end at X:4 Y:2 Z:-119
[2021-10-01 22:19:17] Deadchest of [Dfoz] was taken by [Dfoz] in world_the_end
[2021-10-02 15:08:29] New deadchest for [Dfoz] in world at X:-1291 Y:30 Z:8417
[2021-10-02 15:08:29] Deadchest of [Dfoz] was protected from explosion in world
[2021-10-02 15:08:42] Deadchest of [Dfoz] was taken by [Dfoz] in world
[2021-10-07 00:07:01] New deadchest for [Cebollin] in world at X:-529 Y:116 Z:-1237
[2021-10-07 00:07:59] Deadchest of [Cebollin] was taken by [Cebollin] in world
[2021-10-07 00:41:56] New deadchest for [Cebollin] in world at X:-510 Y:116 Z:-1238
[2021-10-07 00:43:11] Deadchest of [Cebollin] was taken by [Cebollin] in world
[2021-10-07 03:26:19] New deadchest for [Cebollin] in world at X:-517 Y:116 Z:-1237
[2021-10-07 03:26:19] Deadchest of [Cebollin] was protected from explosion in world
[2021-10-07 03:26:54] Deadchest of [Cebollin] was protected from explosion in world
[2021-10-07 03:27:15] Deadchest of [Cebollin] was taken by [Cebollin] in world
[2021-10-08 22:34:24] New deadchest for [Cebollin] in world at X:-504 Y:21 Z:-1157
[2021-10-08 22:35:05] Deadchest of [Cebollin] was taken by [Cebollin] in world
[2021-10-13 03:44:01] New deadchest for [AlbertoLoera] in world at X:3174 Y:64 Z:3198
[2021-10-13 03:44:33] Deadchest of [AlbertoLoera] was taken by [AlbertoLoera] in world
[2021-10-13 03:48:07] New deadchest for [bryannome] in world at X:3190 Y:64 Z:3214
[2021-10-13 03:48:08] New deadchest for [HeraCloud] in world at X:3090 Y:64 Z:3310
[2021-10-13 03:48:21] New deadchest for [SRMisalchichas] in world at X:3190 Y:64 Z:3212
[2021-10-13 03:48:57] Deadchest of [SRMisalchichas] was taken by [SRMisalchichas] in world
[2021-10-13 03:48:58] Deadchest of [bryannome] was taken by [bryannome] in world
[2021-10-13 03:49:45] New deadchest for [AlbertoLoera] in world at X:2894 Y:69 Z:3164
[2021-10-13 03:50:51] New deadchest for [SRMisalchichas] in world at X:3291 Y:64 Z:3135
[2021-10-13 03:50:51] Deadchest of [SRMisalchichas] was protected from explosion in world
[2021-10-13 03:51:20] Player [HeraCloud] died without inventory : No Deadchest generated
[2021-10-13 03:51:27] Deadchest of [SRMisalchichas] was taken by [SRMisalchichas] in world
[2021-10-13 03:51:50] New deadchest for [AlbertoLoera] in world at X:3079 Y:65 Z:3290
[2021-10-13 03:51:50] Deadchest of [AlbertoLoera] was protected from explosion in world
[2021-10-13 03:52:28] Deadchest of [HeraCloud] was taken by [HeraCloud] in world
[2021-10-13 03:52:36] Deadchest of [AlbertoLoera] was taken by [AlbertoLoera] in world
[2021-10-13 03:54:46] Deadchest of [AlbertoLoera] has expired in world
[2021-10-13 04:09:08] New deadchest for [AlbertoLoera] in world at X:3240 Y:77 Z:3965
[2021-10-13 04:09:40] Player [AlbertoLoera] died without inventory : No Deadchest generated
[2021-10-13 04:12:11] New deadchest for [bryannome] in world at X:3232 Y:67 Z:2990
[2021-10-13 04:12:11] Deadchest of [bryannome] was protected from explosion in world
[2021-10-13 04:14:08] Deadchest of [AlbertoLoera] has expired in world
[2021-10-13 04:15:10] Deadchest of [bryannome] was taken by [bryannome] in world
[2021-10-13 04:29:31] New deadchest for [SRMisalchichas] in world at X:3162 Y:21 Z:3052
[2021-10-13 04:30:33] New deadchest for [bryannome] in world at X:3167 Y:25 Z:3070
[2021-10-13 04:33:31] New deadchest for [HeraCloud] in world at X:2877 Y:51 Z:3018
[2021-10-13 04:34:13] Deadchest of [bryannome] was taken by [bryannome] in world
[2021-10-13 04:34:32] Deadchest of [SRMisalchichas] has expired in world
[2021-10-13 04:36:12] New deadchest for [AlbertoLoera] in world at X:3143 Y:61 Z:2913
[2021-10-13 04:37:16] Player [HeraCloud] died without inventory : No Deadchest generated
[2021-10-13 04:38:32] Deadchest of [HeraCloud] has expired in world
[2021-10-13 04:41:12] Deadchest of [AlbertoLoera] has expired in world
[2021-10-13 04:41:48] Player [HeraCloud] died without inventory : No Deadchest generated
[2021-10-13 04:45:31] New deadchest for [HeraCloud] in world at X:2872 Y:50 Z:3020
[2021-10-13 04:47:43] Deadchest of [HeraCloud] was taken by [HeraCloud] in world
[2021-10-13 05:32:54] New deadchest for [SRMisalchichas] in world at X:2904 Y:27 Z:3020
[2021-10-13 05:35:23] Deadchest of [SRMisalchichas] was taken by [SRMisalchichas] in world
[2021-10-13 05:56:07] New deadchest for [SRMisalchichas] in world at X:2940 Y:21 Z:3034
[2021-10-13 05:56:07] Deadchest of [SRMisalchichas] was protected from explosion in world
[2021-10-13 05:58:36] Deadchest of [SRMisalchichas] was taken by [SRMisalchichas] in world
[2021-10-13 06:01:45] New deadchest for [SRMisalchichas] in world at X:2909 Y:24 Z:3036
[2021-10-13 06:04:01] Deadchest of [SRMisalchichas] was taken by [SRMisalchichas] in world
[2021-10-13 06:27:03] New deadchest for [AlbertoLoera] in world at X:3033 Y:12 Z:3008
[2021-10-13 06:27:03] Deadchest of [AlbertoLoera] was protected from explosion in world
[2021-10-13 06:32:04] Deadchest of [AlbertoLoera] has expired in world
[2021-10-13 06:37:54] New deadchest for [AlbertoLoera] in world at X:3011 Y:10 Z:3050
[2021-10-13 06:42:55] Deadchest of [AlbertoLoera] has expired in world
[2021-10-13 07:41:30] New deadchest for [AlbertoLoera] in world at X:3173 Y:19 Z:2397
[2021-10-13 07:46:24] Deadchest of [AlbertoLoera] was taken by [AlbertoLoera] in world
[2021-10-13 08:40:56] New deadchest for [AlbertoLoera] in world at X:3379 Y:63 Z:3137
[2021-10-13 08:43:07] Deadchest of [AlbertoLoera] was taken by [AlbertoLoera] in world
[2021-10-13 08:57:45] New deadchest for [AlbertoLoera] in world at X:3174 Y:19 Z:2401
[2021-10-13 08:57:45] Deadchest of [AlbertoLoera] was protected from explosion in world
[2021-10-13 09:01:19] Deadchest of [AlbertoLoera] was taken by [AlbertoLoera] in world
[2021-10-13 21:16:46] New deadchest for [HeraCloud] in world at X:2681 Y:56 Z:2048
[2021-10-13 21:17:15] Deadchest of [HeraCloud] was taken by [HeraCloud] in world
[2021-10-13 21:17:19] New deadchest for [HeraCloud] in world at X:2680 Y:56 Z:2047
[2021-10-13 21:17:48] Deadchest of [HeraCloud] was taken by [HeraCloud] in world
[2021-10-14 00:12:00] New deadchest for [AlbertoLoera] in world at X:3196 Y:73 Z:2799
[2021-10-14 00:14:03] Deadchest of [AlbertoLoera] was taken by [AlbertoLoera] in world
[2021-10-14 00:44:49] New deadchest for [SRMisalchichas] in world at X:3185 Y:64 Z:3187
[2021-10-14 00:45:17] Deadchest of [SRMisalchichas] was taken by [SRMisalchichas] in world
[2021-10-14 01:06:55] New deadchest for [AlbertoLoera] in world at X:2935 Y:77 Z:3381
[2021-10-14 01:06:55] Deadchest of [AlbertoLoera] was protected from explosion in world
[2021-10-14 01:07:17] Deadchest of [AlbertoLoera] was taken by [AlbertoLoera] in world
[2021-10-14 01:23:05] New deadchest for [AlbertoLoera] in world at X:862 Y:69 Z:3459
[2021-10-14 01:23:55] Deadchest of [AlbertoLoera] was taken by [AlbertoLoera] in world
[2021-10-14 01:27:33] New deadchest for [AlbertoLoera] in world at X:232 Y:75 Z:3668
[2021-10-14 01:27:33] Deadchest of [AlbertoLoera] was protected from explosion in world
[2021-10-14 01:28:14] Deadchest of [AlbertoLoera] was taken by [AlbertoLoera] in world
[2021-10-14 02:08:00] New deadchest for [bryannome] in world at X:-826 Y:11 Z:-618
[2021-10-14 02:08:19] Deadchest of [bryannome] was taken by [bryannome] in world
[2021-10-14 02:13:56] New deadchest for [AlbertoLoera] in world at X:-786 Y:15 Z:-672
[2021-10-14 02:14:07] Deadchest of [AlbertoLoera] was taken by [AlbertoLoera] in world
[2021-10-14 02:14:53] New deadchest for [bryannome] in world at X:-770 Y:19 Z:-640
[2021-10-14 02:15:04] Deadchest of [bryannome] was taken by [bryannome] in world
[2021-10-14 04:39:22] New deadchest for [AlbertoLoera] in world_nether at X:-276 Y:72 Z:-200
[2021-10-14 04:39:32] Deadchest of [AlbertoLoera] was taken by [AlbertoLoera] in world_nether
[2021-10-14 05:23:24] New deadchest for [AlbertoLoera] in world at X:-595 Y:93 Z:-1090
[2021-10-14 05:23:40] Deadchest of [AlbertoLoera] was taken by [AlbertoLoera] in world
[2021-10-14 05:23:49] New deadchest for [AlbertoLoera] in world at X:-610 Y:93 Z:-1088
[2021-10-14 05:24:00] Deadchest of [AlbertoLoera] was taken by [AlbertoLoera] in world
[2021-10-14 05:49:55] New deadchest for [AlbertoLoera] in world at X:-584 Y:68 Z:-1078
[2021-10-14 05:50:06] Deadchest of [AlbertoLoera] was taken by [AlbertoLoera] in world
[2021-10-14 18:39:04] New deadchest for [AlbertoLoera] in world at X:-584 Y:86 Z:-1122
[2021-10-14 18:39:13] Deadchest of [AlbertoLoera] was taken by [AlbertoLoera] in world
[2021-10-15 02:01:13] New deadchest for [bryannome] in world at X:-603 Y:93 Z:-1079
[2021-10-15 02:01:13] Deadchest of [bryannome] was protected from explosion in world
[2021-10-15 02:01:22] Deadchest of [bryannome] was taken by [bryannome] in world
[2021-10-15 03:35:38] New deadchest for [SRMisalchichas] in world at X:3616 Y:69 Z:3680
[2021-10-15 03:35:38] Deadchest of [SRMisalchichas] was protected from explosion in world
[2021-10-15 03:35:52] Deadchest of [SRMisalchichas] was taken by [SRMisalchichas] in world
[2021-10-15 05:09:38] New deadchest for [SRMisalchichas] in world at X:3186 Y:47 Z:3188
[2021-10-15 05:09:48] Player [SRMisalchichas] died without inventory : No Deadchest generated
[2021-10-15 05:13:49] Deadchest of [SRMisalchichas] was taken by [SRMisalchichas] in world
[2021-10-15 05:35:06] New deadchest for [bryannome] in world at X:-550 Y:95 Z:-1107
[2021-10-15 05:35:06] Deadchest of [bryannome] was protected from explosion in world
[2021-10-15 05:35:18] Deadchest of [bryannome] was taken by [bryannome] in world
[2021-10-15 22:03:21] New deadchest for [bryannome] in world at X:-572 Y:72 Z:-1021
[2021-10-15 22:03:45] Deadchest of [bryannome] was taken by [bryannome] in world
[2021-10-17 22:29:25] New deadchest for [SRMisalchichas] in world at X:3233 Y:63 Z:3120
[2021-10-17 22:29:25] Deadchest of [SRMisalchichas] was protected from explosion in world
[2021-10-17 22:29:40] Deadchest of [SRMisalchichas] was taken by [SRMisalchichas] in world
[2021-10-18 00:50:27] New deadchest for [Cebollin] in world at X:-484 Y:34 Z:-1376
[2021-10-18 00:54:27] Deadchest of [Cebollin] was taken by [Cebollin] in world
[2021-10-18 00:54:29] New deadchest for [Cebollin] in world at X:-484 Y:34 Z:-1376
[2021-10-18 00:57:02] New deadchest for [Cebollin] in world at X:-515 Y:68 Z:-1282
[2021-10-18 00:58:45] Deadchest of [Cebollin] was taken by [Cebollin] in world
[2021-10-18 00:59:30] Deadchest of [Cebollin] has expired in world
[2021-10-18 01:31:36] New deadchest for [SRMisalchichas] in world at X:4031 Y:64 Z:2448
[2021-10-18 01:31:46] Deadchest of [SRMisalchichas] was taken by [SRMisalchichas] in world
[2021-10-18 01:32:00] New deadchest for [SRMisalchichas] in world at X:4025 Y:64 Z:2449
[2021-10-18 01:32:16] Deadchest of [SRMisalchichas] was taken by [SRMisalchichas] in world
[2021-10-18 01:37:49] New deadchest for [SRMisalchichas] in world at X:3939 Y:65 Z:2418
[2021-10-18 01:37:55] Deadchest of [SRMisalchichas] was taken by [SRMisalchichas] in world
[2021-10-18 01:38:35] New deadchest for [SRMisalchichas] in world at X:3939 Y:65 Z:2429
[2021-10-18 01:38:42] Deadchest of [SRMisalchichas] was taken by [SRMisalchichas] in world
[2021-10-18 02:17:03] New deadchest for [Cebollin] in world at X:-490 Y:34 Z:-1385
[2021-10-18 02:17:03] Deadchest of [Cebollin] was protected from explosion in world
[2021-10-18 02:17:42] Deadchest of [Cebollin] was taken by [Cebollin] in world
[2021-10-18 03:27:20] New deadchest for [Cebollin] in world at X:-1173 Y:63 Z:-396
[2021-10-18 03:31:09] Deadchest of [Cebollin] was taken by [Cebollin] in world
[2021-10-18 04:23:00] New deadchest for [SRMisalchichas] in world at X:4095 Y:43 Z:2592
[2021-10-18 04:23:26] Player [SRMisalchichas] died without inventory : No Deadchest generated
[2021-10-18 04:24:19] Deadchest of [SRMisalchichas] was taken by [SRMisalchichas] in world
[2021-10-18 04:25:39] New deadchest for [AlbertoLoera] in world at X:-578 Y:75 Z:-1018
[2021-10-18 04:25:51] Deadchest of [AlbertoLoera] was taken by [AlbertoLoera] in world
[2021-10-18 04:57:23] New deadchest for [SRMisalchichas] in world at X:4120 Y:11 Z:2551
[2021-10-18 04:57:23] Deadchest of [SRMisalchichas] was protected from explosion in world
[2021-10-18 04:57:41] Deadchest of [SRMisalchichas] was taken by [SRMisalchichas] in world
[2021-10-18 05:21:52] New deadchest for [SRMisalchichas] in world at X:4106 Y:14 Z:2531
[2021-10-18 05:22:32] Deadchest of [SRMisalchichas] was taken by [SRMisalchichas] in world
[2021-10-18 05:22:43] New deadchest for [SRMisalchichas] in world at X:4129 Y:14 Z:2521
[2021-10-18 05:22:56] Deadchest of [SRMisalchichas] was taken by [SRMisalchichas] in world
[2021-10-18 06:13:22] New deadchest for [SRMisalchichas] in world at X:4122 Y:11 Z:2632
[2021-10-18 06:13:34] Deadchest of [SRMisalchichas] was taken by [SRMisalchichas] in world
[2021-10-18 16:56:29] New deadchest for [bryannome] in world at X:-544 Y:72 Z:-1091
[2021-10-18 16:56:36] Deadchest of [bryannome] was taken by [bryannome] in world
[2021-10-18 18:10:31] New deadchest for [bryannome] in world at X:-545 Y:81 Z:-1108
[2021-10-18 18:10:41] Deadchest of [bryannome] was taken by [bryannome] in world
[2021-10-19 03:58:30] New deadchest for [bryannome] in world at X:-45 Y:74 Z:-546
[2021-10-19 03:58:40] Deadchest of [bryannome] was taken by [bryannome] in world
[2021-10-19 19:54:24] New deadchest for [bryannome] in world at X:-1195 Y:18 Z:-1162
[2021-10-19 19:54:52] Deadchest of [bryannome] was taken by [bryannome] in world
[2021-10-19 19:54:52] New deadchest for [bryannome] in world at X:-1195 Y:18 Z:-1162
[2021-10-19 19:55:34] Deadchest of [bryannome] was taken by [bryannome] in world
[2021-10-19 20:19:07] New deadchest for [bryannome] in world at X:-1101 Y:11 Z:-1158
[2021-10-19 20:19:07] Deadchest of [bryannome] was protected from explosion in world
[2021-10-19 20:19:18] Deadchest of [bryannome] was taken by [bryannome] in world
[2021-10-20 01:30:33] New deadchest for [bryannome] in world at X:-552 Y:80 Z:-1105
[2021-10-20 01:30:46] Deadchest of [bryannome] was taken by [bryannome] in world
[2021-10-20 03:31:12] New deadchest for [bryannome] in world at X:982 Y:25 Z:-1244
[2021-10-20 03:31:26] Deadchest of [bryannome] was taken by [bryannome] in world
[2021-10-20 03:41:40] New deadchest for [bryannome] in world at X:954 Y:24 Z:-1223
[2021-10-20 03:41:48] Deadchest of [bryannome] was taken by [bryannome] in world
[2021-10-20 03:43:46] New deadchest for [SRMisalchichas] in world at X:971 Y:21 Z:-1307
[2021-10-20 03:44:03] Deadchest of [SRMisalchichas] was taken by [SRMisalchichas] in world
[2021-10-20 03:54:10] New deadchest for [SRMisalchichas] in world at X:955 Y:37 Z:-1280
[2021-10-20 03:59:10] Deadchest of [SRMisalchichas] has expired in world
[2021-10-20 04:03:05] New deadchest for [bryannome] in world at X:937 Y:38 Z:-1262
[2021-10-20 04:03:19] Deadchest of [bryannome] was taken by [bryannome] in world
[2021-10-20 04:09:33] New deadchest for [SRMisalchichas] in world at X:3238 Y:63 Z:3137
[2021-10-20 04:09:33] Deadchest of [SRMisalchichas] was protected from explosion in world
[2021-10-20 04:09:43] Deadchest of [SRMisalchichas] was taken by [SRMisalchichas] in world
[2021-10-20 04:20:49] New deadchest for [SRMisalchichas] in world at X:-604 Y:67 Z:-1033
[2021-10-20 04:20:59] Deadchest of [SRMisalchichas] was taken by [SRMisalchichas] in world
[2021-10-20 04:26:09] New deadchest for [SRMisalchichas] in world at X:3179 Y:64 Z:3178
[2021-10-20 04:26:09] Deadchest of [SRMisalchichas] was protected from explosion in world
[2021-10-20 04:26:17] Deadchest of [SRMisalchichas] was taken by [SRMisalchichas] in world
[2021-10-20 04:30:45] New deadchest for [SRMisalchichas] in world at X:3201 Y:64 Z:3183
[2021-10-20 04:30:45] Deadchest of [SRMisalchichas] was protected from explosion in world
[2021-10-20 04:30:51] Deadchest of [SRMisalchichas] was taken by [SRMisalchichas] in world
[2021-10-20 05:49:36] New deadchest for [SRMisalchichas] in world at X:3282 Y:64 Z:3164
[2021-10-20 05:49:44] Deadchest of [SRMisalchichas] was taken by [SRMisalchichas] in world
[2021-10-20 05:52:59] New deadchest for [SRMisalchichas] in world at X:3244 Y:64 Z:3180
[2021-10-20 05:52:59] Deadchest of [SRMisalchichas] was protected from explosion in world
[2021-10-20 05:53:05] Deadchest of [SRMisalchichas] was taken by [SRMisalchichas] in world
[2021-10-21 03:24:09] New deadchest for [AlbertoLoera] in world at X:-461 Y:79 Z:-1189
[2021-10-21 03:24:37] Deadchest of [AlbertoLoera] was taken by [AlbertoLoera] in world
[2021-10-21 03:49:31] New deadchest for [JulioCejudo] in world at X:3298 Y:63 Z:3126
[2021-10-21 03:52:18] Player [JulioCejudo] died without inventory : No Deadchest generated
[2021-10-21 03:54:32] Deadchest of [JulioCejudo] has expired in world
[2021-10-21 04:09:51] Player [JulioCejudo] died without inventory : No Deadchest generated
[2021-10-21 04:52:55] New deadchest for [bryannome] in world at X:-544 Y:81 Z:-1110
[2021-10-21 04:53:06] Deadchest of [bryannome] was taken by [bryannome] in world
[2021-10-21 05:33:14] New deadchest for [AlbertoLoera] in world at X:-566 Y:87 Z:-1094
[2021-10-21 05:33:22] Deadchest of [AlbertoLoera] was taken by [AlbertoLoera] in world
[2021-10-21 05:34:11] New deadchest for [bryannome] in world at X:-550 Y:98 Z:-1095
[2021-10-21 05:34:39] Deadchest of [bryannome] was taken by [bryannome] in world
[2021-10-24 14:38:59] New deadchest for [KaiDrasth] in world at X:-61 Y:76 Z:-952
[2021-10-24 14:38:59] Deadchest of [KaiDrasth] was protected from explosion in world
[2021-10-24 14:44:00] Deadchest of [KaiDrasth] has expired in world
[2021-10-26 00:09:48] New deadchest for [bryannome] in world at X:-551 Y:84 Z:-1098
[2021-10-26 00:10:02] Deadchest of [bryannome] was taken by [bryannome] in world
[2021-10-26 16:29:58] New deadchest for [bryannome] in world at X:-556 Y:17 Z:-1096
[2021-10-26 16:30:08] Deadchest of [bryannome] was taken by [bryannome] in world
[2021-10-28 01:00:54] New deadchest for [bryannome] in world at X:-523 Y:75 Z:-1112
[2021-10-28 01:05:55] Deadchest of [bryannome] has expired in world
[2021-10-28 02:46:16] Player [bryannome] died without inventory : No Deadchest generated
[2021-10-28 06:29:05] New deadchest for [HeraCloud] in world at X:-605 Y:80 Z:-1057
[2021-10-28 06:29:23] Deadchest of [HeraCloud] was taken by [HeraCloud] in world
[2021-10-28 23:25:05] New deadchest for [HeraCloud] in world at X:-1568 Y:21 Z:-1452
[2021-10-28 23:25:13] Player [HeraCloud] died without inventory : No Deadchest generated
[2021-10-28 23:25:21] Player [HeraCloud] died without inventory : No Deadchest generated
[2021-10-28 23:25:27] Player [HeraCloud] died without inventory : No Deadchest generated
[2021-10-28 23:25:44] Deadchest of [HeraCloud] was taken by [HeraCloud] in world
[2021-10-28 23:25:45] New deadchest for [HeraCloud] in world at X:-1569 Y:21 Z:-1452
[2021-10-28 23:25:52] Player [HeraCloud] died without inventory : No Deadchest generated
[2021-10-28 23:26:04] Player [HeraCloud] died without inventory : No Deadchest generated
[2021-10-28 23:26:13] Deadchest of [HeraCloud] was taken by [HeraCloud] in world
[2021-10-28 23:26:13] New deadchest for [HeraCloud] in world at X:-1568 Y:21 Z:-1454
[2021-10-28 23:26:20] Player [HeraCloud] died without inventory : No Deadchest generated
[2021-10-28 23:26:28] Player [HeraCloud] died without inventory : No Deadchest generated
[2021-10-28 23:26:35] Player [HeraCloud] died without inventory : No Deadchest generated
[2021-10-28 23:26:43] Player [HeraCloud] died without inventory : No Deadchest generated
[2021-10-28 23:26:51] Player [HeraCloud] died without inventory : No Deadchest generated
[2021-10-28 23:27:11] Deadchest of [HeraCloud] was taken by [HeraCloud] in world
[2021-10-28 23:36:39] New deadchest for [HeraCloud] in world_the_end at X:37 Y:61 Z:-22
[2021-10-28 23:36:49] Deadchest of [HeraCloud] was taken by [HeraCloud] in world_the_end
[2021-10-28 23:36:57] New deadchest for [HeraCloud] in world_the_end at X:37 Y:61 Z:-17
[2021-10-28 23:37:05] Deadchest of [HeraCloud] was taken by [HeraCloud] in world_the_end
[2021-10-28 23:39:33] New deadchest for [HeraCloud] in world_the_end at X:-17 Y:62 Z:32
[2021-10-28 23:39:40] Deadchest of [HeraCloud] was taken by [HeraCloud] in world_the_end
[2021-10-28 23:41:45] New deadchest for [HeraCloud] in world_the_end at X:-25 Y:62 Z:12
[2021-10-28 23:41:53] Deadchest of [HeraCloud] was taken by [HeraCloud] in world_the_end
[2021-10-28 23:47:48] New deadchest for [HeraCloud] in world_the_end at X:-19 Y:63 Z:-12
[2021-10-28 23:47:54] Deadchest of [HeraCloud] was taken by [HeraCloud] in world_the_end
[2021-10-28 23:48:54] New deadchest for [HeraCloud] in world_the_end at X:-24 Y:62 Z:10
[2021-10-28 23:49:03] Deadchest of [HeraCloud] was taken by [HeraCloud] in world_the_end
[2021-10-29 00:03:07] New deadchest for [HeraCloud] in world_the_end at X:725 Y:105 Z:-872
[2021-10-29 00:03:21] Deadchest of [HeraCloud] was taken by [HeraCloud] in world_the_end
[2021-10-29 00:03:36] New deadchest for [HeraCloud] in world_the_end at X:728 Y:118 Z:-868
[2021-10-29 00:03:47] Deadchest of [HeraCloud] was taken by [HeraCloud] in world_the_end
[2021-10-29 00:12:48] New deadchest for [HeraCloud] in world_the_end at X:790 Y:58 Z:-871
[2021-10-29 00:12:59] Deadchest of [HeraCloud] was taken by [HeraCloud] in world_the_end
[2021-10-29 00:16:33] New deadchest for [HeraCloud] in world_the_end at X:722 Y:90 Z:-867
[2021-10-29 00:16:43] Deadchest of [HeraCloud] was taken by [HeraCloud] in world_the_end
[2021-10-29 06:43:15] New deadchest for [ElChanclas29] in world at X:-503 Y:63 Z:-1107
[2021-10-29 06:43:28] Player [ElChanclas29] died without inventory : No Deadchest generated
[2021-10-29 06:45:33] Deadchest of [ElChanclas29] was taken by [ElChanclas29] in world
[2021-10-29 06:54:44] New deadchest for [HeraCloud] in world at X:2663 Y:68 Z:2177
[2021-10-29 06:54:59] Deadchest of [HeraCloud] was taken by [HeraCloud] in world
[2021-10-29 07:10:25] New deadchest for [bryannome] in world at X:-553 Y:91 Z:-1127
[2021-10-29 07:10:32] Deadchest of [bryannome] was taken by [bryannome] in world
[2021-10-29 07:11:22] New deadchest for [ElChanclas29] in world at X:-471 Y:63 Z:-1085
[2021-10-29 07:11:42] Deadchest of [ElChanclas29] was taken by [ElChanclas29] in world
[2021-10-29 16:29:52] New deadchest for [HeraCloud] in world at X:-329 Y:68 Z:-1384
[2021-10-29 16:30:09] Deadchest of [HeraCloud] was taken by [HeraCloud] in world
[2021-10-29 17:00:04] New deadchest for [H4WAR3] in world at X:3125 Y:69 Z:3301
[2021-10-29 17:00:22] New deadchest for [Alexchopper] in world at X:3139 Y:66 Z:3343
[2021-10-29 17:01:02] Deadchest of [H4WAR3] was taken by [H4WAR3] in world
[2021-10-29 17:01:13] Deadchest of [Alexchopper] was taken by [Alexchopper] in world
[2021-10-29 17:52:38] New deadchest for [HeisenbergBR13] in world at X:145 Y:70 Z:2301
[2021-10-29 17:54:49] Deadchest of [HeisenbergBR13] was taken by [HeisenbergBR13] in world
[2021-10-29 18:04:13] New deadchest for [H4WAR3] in world at X:69 Y:50 Z:2199
[2021-10-29 18:05:27] New deadchest for [HeisenbergBR13] in world at X:29 Y:49 Z:2251
[2021-10-29 18:06:11] Deadchest of [H4WAR3] was taken by [H4WAR3] in world
[2021-10-29 18:07:37] New deadchest for [H4WAR3] in world at X:63 Y:54 Z:2197
[2021-10-29 18:07:48] Deadchest of [H4WAR3] was taken by [H4WAR3] in world
[2021-10-29 18:07:49] New deadchest for [HeisenbergBR13] in world at X:52 Y:43 Z:2237
[2021-10-29 18:07:56] New deadchest for [H4WAR3] in world at X:78 Y:46 Z:2209
[2021-10-29 18:08:06] Deadchest of [H4WAR3] was taken by [H4WAR3] in world
[2021-10-29 18:08:22] Deadchest of [HeisenbergBR13] was taken by [HeisenbergBR13] in world
[2021-10-29 18:10:27] Deadchest of [HeisenbergBR13] has expired in world
[2021-10-29 18:30:36] New deadchest for [HeisenbergBR13] in world at X:61 Y:67 Z:2254
[2021-10-29 18:30:48] Deadchest of [HeisenbergBR13] was taken by [HeisenbergBR13] in world
[2021-10-29 18:58:41] New deadchest for [HeisenbergBR13] in world at X:78 Y:34 Z:2146
[2021-10-29 18:58:41] Deadchest of [HeisenbergBR13] was protected from explosion in world
[2021-10-29 18:58:50] Deadchest of [HeisenbergBR13] was taken by [HeisenbergBR13] in world
[2021-10-30 07:15:38] New deadchest for [ElChanclas29] in world at X:-575 Y:102 Z:-985
[2021-10-30 07:15:54] Deadchest of [ElChanclas29] was taken by [ElChanclas29] in world
[2021-10-30 07:16:00] New deadchest for [ElChanclas29] in world at X:-576 Y:102 Z:-984
[2021-10-30 07:16:13] Deadchest of [ElChanclas29] was taken by [ElChanclas29] in world
[2021-10-30 07:19:13] New deadchest for [ElChanclas29] in world at X:-531 Y:81 Z:-1112
[2021-10-30 07:24:14] Deadchest of [ElChanclas29] has expired in world
[2021-10-31 03:00:15] New deadchest for [H4WAR3] in world at X:72 Y:67 Z:2228
[2021-10-31 03:05:15] Deadchest of [H4WAR3] has expired in world
[2021-10-31 15:43:52] New deadchest for [H4WAR3] in world at X:74 Y:67 Z:2232
[2021-10-31 15:44:36] Deadchest of [H4WAR3] was taken by [H4WAR3] in world
[2021-10-31 16:41:31] New deadchest for [H4WAR3] in world at X:-210 Y:71 Z:2091
[2021-10-31 16:42:05] Player [H4WAR3] died without inventory : No Deadchest generated
[2021-10-31 16:43:26] Deadchest of [H4WAR3] was taken by [H4WAR3] in world
[2021-10-31 17:31:20] New deadchest for [H4WAR3] in world at X:32 Y:50 Z:2243
[2021-10-31 17:31:32] Deadchest of [H4WAR3] was taken by [H4WAR3] in world
[2021-10-31 17:56:39] New deadchest for [H4WAR3] in world at X:76 Y:69 Z:2233
[2021-10-31 17:57:04] Deadchest of [H4WAR3] was taken by [H4WAR3] in world
[2021-10-31 21:49:33] New deadchest for [H4WAR3] in world at X:72 Y:68 Z:1863
[2021-10-31 21:49:47] Player [H4WAR3] died without inventory : No Deadchest generated
[2021-10-31 21:56:45] Deadchest of [H4WAR3] has expired in world
[2021-11-01 01:45:34] New deadchest for [HeisenbergBR13] in world at X:75 Y:67 Z:2251
[2021-11-01 01:45:46] Deadchest of [HeisenbergBR13] was taken by [HeisenbergBR13] in world
[2021-11-01 03:27:47] New deadchest for [SRMisalchichas] in world at X:3179 Y:58 Z:3284
[2021-11-01 03:27:58] Deadchest of [SRMisalchichas] was taken by [SRMisalchichas] in world
[2021-11-01 05:01:47] New deadchest for [HeisenbergBR13] in world_nether at X:50 Y:29 Z:313
[2021-11-01 05:02:04] Player [HeisenbergBR13] died without inventory : No Deadchest generated
[2021-11-01 05:02:25] Player [HeisenbergBR13] died without inventory : No Deadchest generated
[2021-11-01 05:03:18] Player [HeisenbergBR13] died without inventory : No Deadchest generated
[2021-11-01 05:04:14] New deadchest for [H4WAR3] in world_nether at X:48 Y:29 Z:311
[2021-11-01 05:04:16] Player [HeisenbergBR13] died without inventory : No Deadchest generated
[2021-11-01 05:04:34] Player [H4WAR3] died without inventory : No Deadchest generated
[2021-11-01 05:04:36] Player [HeisenbergBR13] died without inventory : No Deadchest generated
[2021-11-01 05:05:46] Player [H4WAR3] died without inventory : No Deadchest generated
[2021-11-01 05:05:51] Player [HeisenbergBR13] died without inventory : No Deadchest generated
[2021-11-01 05:06:35] Player [H4WAR3] died without inventory : No Deadchest generated
[2021-11-01 05:06:47] Deadchest of [HeisenbergBR13] has expired in world_nether
[2021-11-01 05:07:22] Player [H4WAR3] died without inventory : No Deadchest generated
[2021-11-01 05:07:23] New deadchest for [HeisenbergBR13] in world_nether at X:46 Y:28 Z:311
[2021-11-01 05:08:21] Player [H4WAR3] died without inventory : No Deadchest generated
[2021-11-01 05:09:09] Player [H4WAR3] died without inventory : No Deadchest generated
[2021-11-01 05:09:14] Deadchest of [H4WAR3] has expired in world_nether
[2021-11-01 05:09:32] New deadchest for [HeisenbergBR13] in world_nether at X:54 Y:33 Z:305
[2021-11-01 05:12:23] Deadchest of [HeisenbergBR13] has expired in world_nether
[2021-11-01 05:14:32] Deadchest of [HeisenbergBR13] has expired in world_nether
[2021-11-01 05:22:38] New deadchest for [HeisenbergBR13] in world at X:137 Y:21 Z:2265
[2021-11-01 05:22:46] Deadchest of [HeisenbergBR13] was taken by [HeisenbergBR13] in world
[2021-11-01 05:24:23] New deadchest for [HeisenbergBR13] in world at X:186 Y:17 Z:2305
[2021-11-01 05:24:36] Deadchest of [HeisenbergBR13] was taken by [HeisenbergBR13] in world
[2021-11-01 05:28:49] New deadchest for [HeisenbergBR13] in world at X:169 Y:16 Z:2266
[2021-11-01 05:28:59] Deadchest of [HeisenbergBR13] was taken by [HeisenbergBR13] in world
[2021-11-01 06:36:53] New deadchest for [HeisenbergBR13] in world at X:-180 Y:72 Z:2094
[2021-11-01 06:37:09] Deadchest of [HeisenbergBR13] was taken by [HeisenbergBR13] in world
[2021-11-01 06:40:07] New deadchest for [H4WAR3] in world at X:56 Y:67 Z:2270
[2021-11-01 06:40:16] Deadchest of [H4WAR3] was taken by [H4WAR3] in world
[2021-11-01 06:43:05] New deadchest for [HeisenbergBR13] in world at X:64 Y:67 Z:2216
[2021-11-01 06:43:15] Deadchest of [HeisenbergBR13] was taken by [HeisenbergBR13] in world
[2021-11-01 15:34:36] New deadchest for [H4WAR3] in world at X:53 Y:67 Z:2222
[2021-11-01 15:39:36] Deadchest of [H4WAR3] has expired in world
[2021-11-01 20:19:05] New deadchest for [H4WAR3] in world at X:-168 Y:66 Z:1839
[2021-11-01 20:19:41] Deadchest of [H4WAR3] was taken by [H4WAR3] in world
[2021-11-01 20:23:37] New deadchest for [H4WAR3] in world at X:-151 Y:66 Z:1842
[2021-11-01 20:23:46] Deadchest of [H4WAR3] was taken by [H4WAR3] in world
[2021-11-01 20:24:37] New deadchest for [HeisenbergBR13] in world at X:-171 Y:66 Z:1833
[2021-11-01 20:24:46] Deadchest of [HeisenbergBR13] was taken by [HeisenbergBR13] in world
[2021-11-01 20:24:56] New deadchest for [H4WAR3] in world at X:-161 Y:64 Z:1852
[2021-11-01 20:25:05] Deadchest of [H4WAR3] was taken by [H4WAR3] in world
[2021-11-01 20:25:07] New deadchest for [H4WAR3] in world at X:-160 Y:64 Z:1853
[2021-11-01 20:25:16] Player [H4WAR3] died without inventory : No Deadchest generated
[2021-11-01 20:25:23] Player [H4WAR3] died without inventory : No Deadchest generated
[2021-11-01 20:25:33] Deadchest of [H4WAR3] was taken by [H4WAR3] in world
[2021-11-01 20:25:34] New deadchest for [H4WAR3] in world at X:-160 Y:64 Z:1852
[2021-11-01 20:25:44] Deadchest of [H4WAR3] was taken by [H4WAR3] in world
[2021-11-01 20:25:45] New deadchest for [H4WAR3] in world at X:-160 Y:64 Z:1853
[2021-11-01 20:25:54] Deadchest of [H4WAR3] was taken by [H4WAR3] in world
[2021-11-01 20:25:55] New deadchest for [H4WAR3] in world at X:-161 Y:64 Z:1852
[2021-11-01 20:26:04] Deadchest of [H4WAR3] was taken by [H4WAR3] in world
[2021-11-01 20:26:50] New deadchest for [HeisenbergBR13] in world at X:-168 Y:65 Z:1870
[2021-11-01 20:26:51] New deadchest for [H4WAR3] in world at X:-151 Y:71 Z:1889
[2021-11-01 20:26:56] Deadchest of [HeisenbergBR13] was taken by [HeisenbergBR13] in world
[2021-11-01 20:26:57] Deadchest of [H4WAR3] was taken by [H4WAR3] in world
[2021-11-01 20:27:00] New deadchest for [H4WAR3] in world at X:-152 Y:71 Z:1901
[2021-11-01 20:27:11] Deadchest of [H4WAR3] was taken by [H4WAR3] in world
[2021-11-01 20:27:24] New deadchest for [H4WAR3] in world at X:-151 Y:65 Z:1862
[2021-11-01 20:27:32] Deadchest of [H4WAR3] was taken by [H4WAR3] in world
[2021-11-01 20:27:32] New deadchest for [HeisenbergBR13] in world at X:-187 Y:66 Z:1864
[2021-11-01 20:27:32] Deadchest of [HeisenbergBR13] was protected from explosion in world
[2021-11-01 20:27:40] Deadchest of [HeisenbergBR13] was taken by [HeisenbergBR13] in world
[2021-11-01 23:03:56] New deadchest for [H4WAR3] in world at X:-1497 Y:67 Z:3283
[2021-11-01 23:04:27] Deadchest of [H4WAR3] was taken by [H4WAR3] in world
[2021-11-01 23:04:48] New deadchest for [H4WAR3] in world at X:-1540 Y:60 Z:3279
[2021-11-01 23:05:04] Deadchest of [H4WAR3] was taken by [H4WAR3] in world
[2021-11-01 23:59:45] New deadchest for [HeisenbergBR13] in world at X:14 Y:67 Z:2223
[2021-11-01 23:59:45] Deadchest of [HeisenbergBR13] was protected from explosion in world
[2021-11-01 23:59:57] Deadchest of [HeisenbergBR13] was taken by [HeisenbergBR13] in world
[2021-11-02 00:01:18] New deadchest for [HeisenbergBR13] in world at X:51 Y:68 Z:2241
[2021-11-02 00:01:29] Deadchest of [HeisenbergBR13] was taken by [HeisenbergBR13] in world
[2021-11-02 00:10:42] New deadchest for [H4WAR3] in world at X:79 Y:67 Z:2223
[2021-11-02 00:10:42] Deadchest of [H4WAR3] was protected from explosion in world
[2021-11-02 00:11:16] Deadchest of [H4WAR3] was taken by [H4WAR3] in world
[2021-11-02 05:17:13] New deadchest for [CazadorLopez] in world at X:3148 Y:7 Z:2563
[2021-11-02 05:22:14] Deadchest of [CazadorLopez] has expired in world
[2021-11-02 05:30:03] New deadchest for [CazadorLopez] in world at X:3144 Y:22 Z:2562
[2021-11-02 05:33:13] Deadchest of [CazadorLopez] was taken by [CazadorLopez] in world
[2021-11-02 15:52:52] New deadchest for [CazadorLopez] in world at X:3168 Y:60 Z:3275
[2021-11-02 15:57:54] Deadchest of [CazadorLopez] has expired in world
[2021-11-02 16:09:08] New deadchest for [Alexchopper] in world at X:51 Y:67 Z:2212
[2021-11-02 16:09:15] Deadchest of [Alexchopper] was taken by [Alexchopper] in world
[2021-11-02 16:33:18] New deadchest for [Alexchopper] in world at X:2330 Y:23 Z:3108
[2021-11-02 16:33:28] Deadchest of [Alexchopper] was taken by [Alexchopper] in world
[2021-11-02 16:48:02] New deadchest for [HeisenbergBR13] in world at X:1012 Y:68 Z:2182
[2021-11-02 16:48:18] Deadchest of [HeisenbergBR13] was taken by [HeisenbergBR13] in world
[2021-11-02 17:18:46] New deadchest for [HeisenbergBR13] in world at X:2316 Y:60 Z:2777
[2021-11-02 17:18:46] Deadchest of [HeisenbergBR13] was protected from explosion in world
[2021-11-02 17:18:57] Deadchest of [HeisenbergBR13] was taken by [HeisenbergBR13] in world
[2021-11-02 17:19:03] New deadchest for [CazadorLopez] in world at X:116 Y:10 Z:2208
[2021-11-02 17:21:50] Deadchest of [CazadorLopez] was taken by [CazadorLopez] in world
[2021-11-02 17:29:35] New deadchest for [HeisenbergBR13] in world at X:2064 Y:64 Z:2458
[2021-11-02 17:29:42] Deadchest of [HeisenbergBR13] was taken by [HeisenbergBR13] in world
[2021-11-02 19:08:28] New deadchest for [H4WAR3] in world at X:171 Y:71 Z:2158
[2021-11-02 19:08:28] Deadchest of [H4WAR3] was protected from explosion in world
[2021-11-02 19:08:40] Deadchest of [H4WAR3] was taken by [H4WAR3] in world
[2021-11-02 19:22:22] New deadchest for [CazadorLopez] in world at X:53 Y:67 Z:2213
[2021-11-02 19:22:38] Deadchest of [CazadorLopez] was taken by [CazadorLopez] in world
[2021-11-02 19:22:54] New deadchest for [CazadorLopez] in world at X:59 Y:69 Z:2200
[2021-11-02 19:23:14] Deadchest of [CazadorLopez] was taken by [CazadorLopez] in world
[2021-11-02 19:23:35] New deadchest for [CazadorLopez] in world at X:55 Y:67 Z:2207
[2021-11-02 19:23:54] Deadchest of [CazadorLopez] was taken by [CazadorLopez] in world
[2021-11-02 20:39:19] New deadchest for [CazadorLopez] in world_nether at X:-282 Y:28 Z:142
[2021-11-02 20:44:19] Deadchest of [CazadorLopez] has expired in world_nether
