[05:32:51] [main/INFO]: Environment: authHost='https://authserver.mojang.com', accountsHost='https://api.mojang.com', sessionHost='https://sessionserver.mojang.com', servicesHost='https://api.minecraftservices.com', name='PROD'
[05:32:51] [main/INFO]: Reloading ResourceManager: Default, bukkit
[05:32:53] [Worker-Main-2/INFO]: Loaded 7 recipes
[05:32:55] [Server thread/INFO]: Starting minecraft server version 1.17.1
[05:32:55] [Server thread/INFO]: Loading properties
[05:32:55] [Server thread/INFO]: This server is running CraftBukkit version 3241-Spigot-6c1c1b2-1492826 (MC: 1.17.1) (Implementing API version 1.17.1-R0.1-SNAPSHOT)
[05:32:55] [Server thread/INFO]: Debug logging is disabled
[05:32:55] [Server thread/INFO]: Server Ping Player Sample Count: 12
[05:32:55] [Server thread/INFO]: Using 4 threads for Netty based IO
[05:32:55] [Server thread/INFO]: Default game type: SURVIVAL
[05:32:55] [Server thread/INFO]: Generating keypair
[05:32:56] [Server thread/INFO]: Starting Minecraft server on *:25565
[05:32:56] [Server thread/INFO]: Using epoll channel type
[05:32:57] [Server thread/WARN]: Initializing Legacy Material Support. Unless you have legacy plugins and/or data this is a bug!
[05:33:03] [Server thread/WARN]: Legacy plugin TPA v2.2.2 does not specify an api-version.
[05:33:04] [Server thread/WARN]: Legacy plugin Take-Me-Back v2.0 does not specify an api-version.
[05:33:04] [Server thread/WARN]: Legacy plugin LoginSecurity v3.0.2 does not specify an api-version.
[05:33:04] [Server thread/INFO]: [SetHome] Loading SetHome v1.2
[05:33:04] [Server thread/INFO]: [LuckPerms] Loading LuckPerms v5.3.67
[05:33:04] [Server thread/INFO]: [TPA] Loading TPA v2.2.2
[05:33:04] [Server thread/INFO]: [Vault] Loading Vault v1.7.3-b131
[05:33:04] [Server thread/INFO]: [Essentials] Loading Essentials v2.19.0
[05:33:04] [Server thread/INFO]: [Take-Me-Back] Loading Take-Me-Back v2.0
[05:33:04] [Server thread/INFO]: [LoginSecurity] Loading LoginSecurity v3.0.2
[05:33:04] [Server thread/INFO]: [EssentialsSpawn] Loading EssentialsSpawn v2.19.0
[05:33:04] [Server thread/INFO]: [LuckPerms] Enabling LuckPerms v5.3.67
[05:33:04] [Server thread/INFO]: [0;36;1m       [0;36;22m __    [m
[05:33:04] [Server thread/INFO]: [0;36;1m  |    [0;36;22m|__)   [0;32;22mLuckPerms[m [0;36;1mv5.3.67[m
[05:33:04] [Server thread/INFO]: [0;36;1m  |___ [0;36;22m|      [0;30;1mRunning on Bukkit - CraftBukkit[m
[05:33:04] [Server thread/INFO]: [m
[05:33:04] [Server thread/INFO]: [LuckPerms] Loading configuration...
[05:33:05] [Server thread/INFO]: [LuckPerms] Loading storage provider... [H2]
[05:33:05] [Server thread/INFO]: [LuckPerms] Loading internal permission managers...
[05:33:05] [Server thread/INFO]: [LuckPerms] Performing initial data load...
[05:33:06] [Server thread/INFO]: [LuckPerms] Successfully enabled. (took 1601ms)
[05:33:06] [Server thread/INFO]: [Vault] Enabling Vault v1.7.3-b131
[05:33:06] [Server thread/WARN]: [Vault] Loaded class com.earth2me.essentials.api.Economy from Essentials v2.19.0 which is not a depend, softdepend or loadbefore of this plugin.
[05:33:06] [Server thread/INFO]: [Vault] [Economy] Essentials Economy found: Waiting
[05:33:06] [Server thread/INFO]: [Vault] [Permission] SuperPermissions loaded as backup permission system.
[05:33:06] [Server thread/INFO]: [Vault] Enabled Version 1.7.3-b131
[05:33:06] [Server thread/INFO]: [LuckPerms] Registered Vault permission & chat hook.
[05:33:06] [Server thread/WARN]: **** SERVER IS RUNNING IN OFFLINE/INSECURE MODE!
[05:33:06] [Server thread/WARN]: The server will make no attempt to authenticate usernames. Beware.
[05:33:06] [Server thread/WARN]: While this makes the game possible to play without internet access, it also opens up the ability for hackers to connect with any username they choose.
[05:33:06] [Server thread/WARN]: To change this, set "online-mode" to "true" in the server.properties file.
[05:33:06] [Server thread/INFO]: Preparing level "world"
[05:33:06] [Server thread/INFO]: -------- World Settings For [world] --------
[05:33:06] [Server thread/INFO]: Experience Merge Radius: 3.0
[05:33:06] [Server thread/INFO]: Mob Spawn Range: 6
[05:33:06] [Server thread/INFO]: Cactus Growth Modifier: 100%
[05:33:06] [Server thread/INFO]: Cane Growth Modifier: 100%
[05:33:06] [Server thread/INFO]: Melon Growth Modifier: 100%
[05:33:06] [Server thread/INFO]: Mushroom Growth Modifier: 100%
[05:33:06] [Server thread/INFO]: Pumpkin Growth Modifier: 100%
[05:33:06] [Server thread/INFO]: Sapling Growth Modifier: 100%
[05:33:06] [Server thread/INFO]: Beetroot Growth Modifier: 100%
[05:33:06] [Server thread/INFO]: Carrot Growth Modifier: 100%
[05:33:06] [Server thread/INFO]: Potato Growth Modifier: 100%
[05:33:06] [Server thread/INFO]: Wheat Growth Modifier: 100%
[05:33:06] [Server thread/INFO]: NetherWart Growth Modifier: 100%
[05:33:06] [Server thread/INFO]: Vine Growth Modifier: 100%
[05:33:06] [Server thread/INFO]: Cocoa Growth Modifier: 100%
[05:33:06] [Server thread/INFO]: Bamboo Growth Modifier: 100%
[05:33:06] [Server thread/INFO]: SweetBerry Growth Modifier: 100%
[05:33:06] [Server thread/INFO]: Kelp Growth Modifier: 100%
[05:33:06] [Server thread/INFO]: Entity Activation Range: An 32 / Mo 32 / Ra 48 / Mi 16 / Tiv true
[05:33:06] [Server thread/INFO]: Hopper Transfer: 8 Hopper Check: 1 Hopper Amount: 1
[05:33:06] [Server thread/INFO]: Custom Map Seeds:  Village: 10387312 Desert: 14357617 Igloo: 14357618 Jungle: 14357619 Swamp: 14357620 Monument: 10387313 Ocean: 14357621 Shipwreck: 165745295 End City: 10387313 Slime: 987234911 Bastion: 30084232 Fortress: 30084232 Mansion: 10387319 Fossil: 14357921 Portal: 34222645
[05:33:06] [Server thread/INFO]: Max TNT Explosions: 100
[05:33:06] [Server thread/INFO]: Tile Max Tick Time: 50ms Entity max Tick Time: 50ms
[05:33:06] [Server thread/INFO]: Entity Tracking Range: Pl 48 / An 48 / Mo 48 / Mi 32 / Other 64
[05:33:06] [Server thread/INFO]: Allow Zombie Pigmen to spawn from portal blocks: true
[05:33:06] [Server thread/INFO]: Item Despawn Rate: 6000
[05:33:06] [Server thread/INFO]: Item Merge Radius: 2.5
[05:33:06] [Server thread/INFO]: View Distance: 12
[05:33:06] [Server thread/INFO]: Arrow Despawn Rate: 1200 Trident Respawn Rate:1200
[05:33:06] [Server thread/INFO]: Zombie Aggressive Towards Villager: true
[05:33:06] [Server thread/INFO]: Nerfing mobs spawned from spawners: false
[05:33:06] [Server thread/INFO]: -------- World Settings For [world_nether] --------
[05:33:06] [Server thread/INFO]: Experience Merge Radius: 3.0
[05:33:06] [Server thread/INFO]: Mob Spawn Range: 6
[05:33:06] [Server thread/INFO]: Cactus Growth Modifier: 100%
[05:33:06] [Server thread/INFO]: Cane Growth Modifier: 100%
[05:33:06] [Server thread/INFO]: Melon Growth Modifier: 100%
[05:33:06] [Server thread/INFO]: Mushroom Growth Modifier: 100%
[05:33:06] [Server thread/INFO]: Pumpkin Growth Modifier: 100%
[05:33:06] [Server thread/INFO]: Sapling Growth Modifier: 100%
[05:33:06] [Server thread/INFO]: Beetroot Growth Modifier: 100%
[05:33:06] [Server thread/INFO]: Carrot Growth Modifier: 100%
[05:33:06] [Server thread/INFO]: Potato Growth Modifier: 100%
[05:33:06] [Server thread/INFO]: Wheat Growth Modifier: 100%
[05:33:06] [Server thread/INFO]: NetherWart Growth Modifier: 100%
[05:33:06] [Server thread/INFO]: Vine Growth Modifier: 100%
[05:33:06] [Server thread/INFO]: Cocoa Growth Modifier: 100%
[05:33:06] [Server thread/INFO]: Bamboo Growth Modifier: 100%
[05:33:06] [Server thread/INFO]: SweetBerry Growth Modifier: 100%
[05:33:06] [Server thread/INFO]: Kelp Growth Modifier: 100%
[05:33:06] [Server thread/INFO]: Entity Activation Range: An 32 / Mo 32 / Ra 48 / Mi 16 / Tiv true
[05:33:06] [Server thread/INFO]: Hopper Transfer: 8 Hopper Check: 1 Hopper Amount: 1
[05:33:06] [Server thread/INFO]: Custom Map Seeds:  Village: 10387312 Desert: 14357617 Igloo: 14357618 Jungle: 14357619 Swamp: 14357620 Monument: 10387313 Ocean: 14357621 Shipwreck: 165745295 End City: 10387313 Slime: 987234911 Bastion: 30084232 Fortress: 30084232 Mansion: 10387319 Fossil: 14357921 Portal: 34222645
[05:33:06] [Server thread/INFO]: Max TNT Explosions: 100
[05:33:06] [Server thread/INFO]: Tile Max Tick Time: 50ms Entity max Tick Time: 50ms
[05:33:06] [Server thread/INFO]: Entity Tracking Range: Pl 48 / An 48 / Mo 48 / Mi 32 / Other 64
[05:33:06] [Server thread/INFO]: Allow Zombie Pigmen to spawn from portal blocks: true
[05:33:06] [Server thread/INFO]: Item Despawn Rate: 6000
[05:33:06] [Server thread/INFO]: Item Merge Radius: 2.5
[05:33:06] [Server thread/INFO]: View Distance: 12
[05:33:06] [Server thread/INFO]: Arrow Despawn Rate: 1200 Trident Respawn Rate:1200
[05:33:06] [Server thread/INFO]: Zombie Aggressive Towards Villager: true
[05:33:06] [Server thread/INFO]: Nerfing mobs spawned from spawners: false
[05:33:06] [Server thread/INFO]: -------- World Settings For [world_the_end] --------
[05:33:06] [Server thread/INFO]: Experience Merge Radius: 3.0
[05:33:06] [Server thread/INFO]: Mob Spawn Range: 6
[05:33:06] [Server thread/INFO]: Cactus Growth Modifier: 100%
[05:33:06] [Server thread/INFO]: Cane Growth Modifier: 100%
[05:33:06] [Server thread/INFO]: Melon Growth Modifier: 100%
[05:33:06] [Server thread/INFO]: Mushroom Growth Modifier: 100%
[05:33:06] [Server thread/INFO]: Pumpkin Growth Modifier: 100%
[05:33:06] [Server thread/INFO]: Sapling Growth Modifier: 100%
[05:33:06] [Server thread/INFO]: Beetroot Growth Modifier: 100%
[05:33:06] [Server thread/INFO]: Carrot Growth Modifier: 100%
[05:33:06] [Server thread/INFO]: Potato Growth Modifier: 100%
[05:33:06] [Server thread/INFO]: Wheat Growth Modifier: 100%
[05:33:06] [Server thread/INFO]: NetherWart Growth Modifier: 100%
[05:33:06] [Server thread/INFO]: Vine Growth Modifier: 100%
[05:33:06] [Server thread/INFO]: Cocoa Growth Modifier: 100%
[05:33:06] [Server thread/INFO]: Bamboo Growth Modifier: 100%
[05:33:06] [Server thread/INFO]: SweetBerry Growth Modifier: 100%
[05:33:06] [Server thread/INFO]: Kelp Growth Modifier: 100%
[05:33:06] [Server thread/INFO]: Entity Activation Range: An 32 / Mo 32 / Ra 48 / Mi 16 / Tiv true
[05:33:06] [Server thread/INFO]: Hopper Transfer: 8 Hopper Check: 1 Hopper Amount: 1
[05:33:06] [Server thread/INFO]: Custom Map Seeds:  Village: 10387312 Desert: 14357617 Igloo: 14357618 Jungle: 14357619 Swamp: 14357620 Monument: 10387313 Ocean: 14357621 Shipwreck: 165745295 End City: 10387313 Slime: 987234911 Bastion: 30084232 Fortress: 30084232 Mansion: 10387319 Fossil: 14357921 Portal: 34222645
[05:33:06] [Server thread/INFO]: Max TNT Explosions: 100
[05:33:06] [Server thread/INFO]: Tile Max Tick Time: 50ms Entity max Tick Time: 50ms
[05:33:06] [Server thread/INFO]: Entity Tracking Range: Pl 48 / An 48 / Mo 48 / Mi 32 / Other 64
[05:33:06] [Server thread/INFO]: Allow Zombie Pigmen to spawn from portal blocks: true
[05:33:06] [Server thread/INFO]: Item Despawn Rate: 6000
[05:33:06] [Server thread/INFO]: Item Merge Radius: 2.5
[05:33:06] [Server thread/INFO]: View Distance: 12
[05:33:06] [Server thread/INFO]: Arrow Despawn Rate: 1200 Trident Respawn Rate:1200
[05:33:06] [Server thread/INFO]: Zombie Aggressive Towards Villager: true
[05:33:06] [Server thread/INFO]: Nerfing mobs spawned from spawners: false
[05:33:06] [Server thread/INFO]: Preparing start region for dimension minecraft:overworld
[05:33:07] [Worker-Main-2/INFO]: Preparing spawn area: 0%
[05:33:07] [Worker-Main-2/INFO]: Preparing spawn area: 0%
[05:33:07] [Worker-Main-2/INFO]: Preparing spawn area: 0%
[05:33:08] [Worker-Main-2/INFO]: Preparing spawn area: 0%
[05:33:08] [Worker-Main-2/INFO]: Preparing spawn area: 0%
[05:33:09] [Worker-Main-2/INFO]: Preparing spawn area: 0%
[05:33:09] [Worker-Main-2/INFO]: Preparing spawn area: 9%
[05:33:10] [Worker-Main-2/INFO]: Preparing spawn area: 12%
[05:33:10] [Worker-Main-2/INFO]: Preparing spawn area: 13%
[05:33:11] [Worker-Main-2/INFO]: Preparing spawn area: 44%
[05:33:11] [Worker-Main-2/INFO]: Preparing spawn area: 54%
[05:33:12] [Worker-Main-2/INFO]: Preparing spawn area: 70%
[05:33:12] [Worker-Main-2/INFO]: Preparing spawn area: 86%
[05:33:13] [Server thread/INFO]: Time elapsed: 6546 ms
[05:33:13] [Server thread/INFO]: Preparing start region for dimension minecraft:the_nether
[05:33:13] [Worker-Main-2/INFO]: Preparing spawn area: 0%
[05:33:13] [Worker-Main-2/INFO]: Preparing spawn area: 0%
[05:33:14] [Worker-Main-2/INFO]: Preparing spawn area: 0%
[05:33:14] [Worker-Main-2/INFO]: Preparing spawn area: 0%
[05:33:15] [Worker-Main-2/INFO]: Preparing spawn area: 3%
[05:33:16] [Worker-Main-2/INFO]: Preparing spawn area: 11%
[05:33:16] [Worker-Main-2/INFO]: Preparing spawn area: 16%
[05:33:17] [Worker-Main-2/INFO]: Preparing spawn area: 31%
[05:33:17] [Worker-Main-2/INFO]: Preparing spawn area: 32%
[05:33:17] [Worker-Main-2/INFO]: Preparing spawn area: 54%
[05:33:18] [Worker-Main-2/INFO]: Preparing spawn area: 72%
[05:33:19] [Worker-Main-2/INFO]: Preparing spawn area: 93%
[05:33:19] [Server thread/INFO]: Time elapsed: 6021 ms
[05:33:19] [Server thread/INFO]: Preparing start region for dimension minecraft:the_end
[05:33:19] [Worker-Main-2/INFO]: Preparing spawn area: 0%
[05:33:20] [Worker-Main-2/INFO]: Preparing spawn area: 0%
[05:33:20] [Worker-Main-2/INFO]: Preparing spawn area: 0%
[05:33:21] [Worker-Main-2/INFO]: Preparing spawn area: 0%
[05:33:21] [Worker-Main-2/INFO]: Preparing spawn area: 49%
[05:33:22] [Worker-Main-2/INFO]: Preparing spawn area: 68%
[05:33:22] [Worker-Main-2/INFO]: Preparing spawn area: 68%
[05:33:23] [Worker-Main-2/INFO]: Preparing spawn area: 68%
[05:33:23] [Worker-Main-2/INFO]: Preparing spawn area: 68%
[05:33:24] [Worker-Main-2/INFO]: Preparing spawn area: 74%
[05:33:24] [Server thread/INFO]: Time elapsed: 4531 ms
[05:33:24] [Server thread/INFO]: [SetHome] Enabling SetHome v1.2
[05:33:24] [Server thread/INFO]: [SetHome] Successfully loaded commands.
[05:33:24] [Server thread/INFO]: [SetHome] Plugin SetHome v1.2 version 1.2 loaded.
[05:33:24] [Server thread/INFO]: [SetHome] SetHome v1.2's native version is 1.16 and is running on server version 3241-Spigot-6c1c1b2-1492826 (MC: 1.17.1).
[05:33:24] [Server thread/INFO]: [SetHome] WARNING. Plugin is running on a different version. Some features may not work.
[05:33:24] [Server thread/INFO]: [SetHome] Bukkit version: 1.17.1-R0.1-SNAPSHOT
[05:33:24] [Server thread/INFO]: [SetHome] Registered listeners.
[05:33:24] [Server thread/INFO]: [TPA] Enabling TPA v2.2.2
[05:33:24] [Server thread/INFO]: [Essentials] Enabling Essentials v2.19.0
[05:33:24] [Server thread/INFO]: [Essentials] You are running a server with limited API functionality. EssentialsX will still work, but certain features may be disabled.
[05:33:24] [Server thread/INFO]: Attempting to convert old kits in config.yml to new kits.yml
[05:33:24] [Server thread/INFO]: No kits found to migrate.
[05:33:25] [Server thread/INFO]: Loaded 36837 items from items.json.
[05:33:25] [Server thread/INFO]: Using locale en
[05:33:25] [Server thread/INFO]: [Essentials] ServerListPingEvent: Spigot iterator API
[05:33:25] [Server thread/INFO]: [Essentials] Starting Metrics. Opt-out using the global bStats config.
[05:33:25] [Server thread/INFO]: [Vault] [Economy] Essentials Economy hooked.
[05:33:25] [Server thread/INFO]: [Essentials] Using Vault based permissions (LuckPerms)
[05:33:25] [Server thread/INFO]: [Take-Me-Back] Enabling Take-Me-Back v2.0
[05:33:25] [Server thread/INFO]: [Take-Me-Back] Take-Me-Back successfully loaded. Perms = false
[05:33:25] [Server thread/INFO]: [LoginSecurity] Enabling LoginSecurity v3.0.2
[05:33:25] [Server thread/INFO]: [LoginSecurity] Loading base translations from "en_us"
[05:33:25] [Server thread/INFO]: [LoginSecurity] Loading specified translations from "en_us"
[05:33:25] [Server thread/INFO]: [LoginSecurity] Registering commands...
[05:33:25] [Server thread/INFO]: [LoginSecurity] Registering listeners...
[05:33:25] [Server thread/INFO]: [LoginSecurity] Using 1.12+ map captcha renderer
[05:33:25] [Server thread/INFO]: [EssentialsSpawn] Enabling EssentialsSpawn v2.19.0
[05:33:25] [Server thread/INFO]: [EssentialsSpawn] Starting Metrics. Opt-out using the global bStats config.
[05:33:25] [Server thread/INFO]: Server permissions file permissions.yml is empty, ignoring it
[05:33:26] [Server thread/INFO]: Done (20.451s)! For help, type "help"
[05:33:26] [Server thread/INFO]: [Essentials] Essentials found a compatible payment resolution method: Vault Compatibility Layer (v1.7.3-b131)!
[05:33:26] [Craft Scheduler Thread - 1/INFO]: [Essentials] §6Fetching version information...
[05:33:26] [Craft Scheduler Thread - 2/INFO]: [Vault] Checking for Updates ... 
[05:33:26] [Craft Scheduler Thread - 2/INFO]: [Vault] No new version available
[05:33:29] [User Authenticator #1/INFO]: UUID of player crisws3 is cc688658-e7e5-386c-b097-71e009f22df2
[05:33:29] [Server thread/INFO]: crisws3[/187.149.130.182:62923] logged in with entity id 144 at ([world]3168.4740775627083, 60.0, 3279.1672434608677)
[05:33:32] [Server thread/WARN]: [Essentials] Permissions lag notice with (LuckPermsHandler). Response took 26.582932ms. Summary: Getting prefix for crisws3
[05:33:32] [Server thread/INFO]: se jalo alguien mas al server, rifado crisws3[m
[05:33:40] [Server thread/INFO]: crisws3 issued server command: /balance
[05:33:40] [Server thread/INFO]: §ccrisws3 §4was denied access to command.
[05:33:42] [Server thread/INFO]: crisws3 lost connection: Disconnected
[05:33:42] [Server thread/INFO]: se nos fue crisws3, GG
[05:34:12] [User Authenticator #2/INFO]: UUID of player crisws is 5ec946e5-0d24-307f-a62b-7ec9e10073c0
[05:34:12] [Server thread/INFO]: crisws[/187.149.130.182:55075] logged in with entity id 440 at ([world]3165.503543650022, 61.45561066196695, 3282.752403485728)
[05:34:14] [Server thread/INFO]: se jalo alguien mas al server, rifado [0;31;22mcrisws[m[m
[05:35:56] [Server thread/INFO]: crisws issued server command: /balance
[05:36:25] [User Authenticator #3/INFO]: UUID of player crisws3 is cc688658-e7e5-386c-b097-71e009f22df2
[05:36:26] [Server thread/INFO]: crisws3[/187.149.130.182:51126] logged in with entity id 981 at ([world]3168.386506434471, 60.0, 3277.232558935617)
[05:36:26] [Server thread/INFO]: se jalo alguien mas al server, rifado crisws3[m
[05:38:35] [Server thread/INFO]: crisws issued server command: /lp
[05:38:43] [Server thread/INFO]: crisws issued server command: /lp help
[05:39:24] [Server thread/INFO]: crisws issued server command: /lp listgroups
[05:40:28] [Server thread/INFO]: crisws issued server command: /lp editor
[05:42:09] [Server thread/INFO]: crisws issued server command: /balancetop
[05:43:29] [Server thread/INFO]: crisws issued server command: /time set day
[05:44:22] [Server thread/INFO]: crisws issued server command: /lp applyedits NooE6vnNFM
[05:44:23] [luckperms-command-executor/INFO]: [0;37;22m[[0;36;1m[21mL[0;36;22m[21mP[0;37;22m][m [0;36;22mLOG[m [0;36;22m[21m>[m [0;30;1m([0;33;1mcrisws[0;30;1m)[m [0;30;1m[[0;32;1mG[0;30;1m][m [0;30;1m([0;36;1mdefault[0;30;1m)[m
[05:44:23] [luckperms-command-executor/INFO]: [0;37;22m[[0;36;1m[21mL[0;36;22m[21mP[0;37;22m][m [0;36;22mLOG[m [0;36;22m[21m>[m [0;37;1mwebeditor add essentials.spawn true[m
[05:44:33] [Server thread/INFO]: crisws3 issued server command: /spawn
[05:45:18] [Server thread/INFO]: crisws issued server command: /lp applyedits Ivr7YNWmsb
[05:45:19] [luckperms-command-executor/INFO]: [0;37;22m[[0;36;1m[21mL[0;36;22m[21mP[0;37;22m][m [0;36;22mLOG[m [0;36;22m[21m>[m [0;30;1m([0;33;1mcrisws[0;30;1m)[m [0;30;1m[[0;32;1mG[0;30;1m][m [0;30;1m([0;36;1mdefault[0;30;1m)[m
[05:45:19] [luckperms-command-executor/INFO]: [0;37;22m[[0;36;1m[21mL[0;36;22m[21mP[0;37;22m][m [0;36;22mLOG[m [0;36;22m[21m>[m [0;37;1mwebeditor add essentials.balance true[m
[05:45:24] [Server thread/INFO]: crisws3 issued server command: /balance
[05:45:38] [Server thread/INFO]: crisws3 has made the advancement [Monster Hunter]
[05:46:50] [Server thread/INFO]: crisws issued server command: /lp applyedits KVjFdrkjWy
[05:46:51] [luckperms-command-executor/INFO]: [0;37;22m[[0;36;1m[21mL[0;36;22m[21mP[0;37;22m][m [0;36;22mLOG[m [0;36;22m[21m>[m [0;30;1m([0;33;1mcrisws[0;30;1m)[m [0;30;1m[[0;32;1mG[0;30;1m][m [0;30;1m([0;36;1mdefault[0;30;1m)[m
[05:46:51] [luckperms-command-executor/INFO]: [0;37;22m[[0;36;1m[21mL[0;36;22m[21mP[0;37;22m][m [0;36;22mLOG[m [0;36;22m[21m>[m [0;37;1mwebeditor add essentials.signs.use.buy true[m
[05:46:51] [luckperms-command-executor/INFO]: [0;37;22m[[0;36;1m[21mL[0;36;22m[21mP[0;37;22m][m [0;36;22mLOG[m [0;36;22m[21m>[m [0;30;1m([0;33;1mcrisws[0;30;1m)[m [0;30;1m[[0;32;1mG[0;30;1m][m [0;30;1m([0;36;1mdefault[0;30;1m)[m
[05:46:51] [luckperms-command-executor/INFO]: [0;37;22m[[0;36;1m[21mL[0;36;22m[21mP[0;37;22m][m [0;36;22mLOG[m [0;36;22m[21m>[m [0;37;1mwebeditor add essentials.signs.use.sell true[m
[05:46:59] [Server thread/INFO]: crisws3 issued server command: /balance
[05:47:48] [Server thread/INFO]: crisws3 issued server command: /sethome casa
[05:47:52] [Server thread/INFO]: crisws3 issued server command: /sethome pepe
[05:48:36] [Server thread/INFO]: Stopping the server
[05:48:36] [Server thread/INFO]: Stopping server
[05:48:36] [Server thread/INFO]: [EssentialsSpawn] Disabling EssentialsSpawn v2.19.0
[05:48:36] [Server thread/INFO]: [LoginSecurity] Disabling LoginSecurity v3.0.2
[05:48:36] [Server thread/INFO]: [LoginSecurity] Waiting for queued tasks...
[05:48:36] [Server thread/INFO]: [LoginSecurity] ExecutorService shut down, ready to disable.
[05:48:36] [Server thread/INFO]: [Take-Me-Back] Disabling Take-Me-Back v2.0
[05:48:36] [Server thread/INFO]: [Take-Me-Back] Take-Me-Back shut down
[05:48:36] [Server thread/INFO]: [Essentials] Disabling Essentials v2.19.0
[05:48:36] [Server thread/INFO]: [Vault] [Economy] Essentials Economy unhooked.
[05:48:36] [Server thread/INFO]: [Vault] Disabling Vault v1.7.3-b131
[05:48:36] [Server thread/INFO]: [TPA] Disabling TPA v2.2.2
[05:48:36] [Server thread/INFO]: [LuckPerms] Disabling LuckPerms v5.3.67
[05:48:36] [Server thread/INFO]: [LuckPerms] Starting shutdown process...
[05:48:36] [Server thread/INFO]: [LuckPerms] Closing storage...
[05:48:36] [Server thread/INFO]: [LuckPerms] Goodbye!
[05:48:36] [Server thread/INFO]: [SetHome] Disabling SetHome v1.2
[05:48:36] [Server thread/INFO]: [SetHome] Stopping plugin 'SetHome'...
[05:48:36] [Server thread/INFO]: [SetHome] Plugin stopped. Goodbye!
[05:48:36] [Server thread/INFO]: Saving players
[05:48:36] [Server thread/INFO]: crisws lost connection: Server closed
[05:48:36] [Server thread/INFO]: crisws left the game
[05:48:36] [Server thread/INFO]: crisws3 lost connection: Server closed
[05:48:36] [Server thread/INFO]: crisws3 left the game
[05:48:36] [Server thread/INFO]: Saving worlds
[05:48:36] [Server thread/INFO]: Saving chunks for level 'ServerLevel[world]'/minecraft:overworld
[05:48:37] [Server thread/INFO]: Saving chunks for level 'ServerLevel[world_nether]'/minecraft:the_nether
[05:48:37] [Server thread/INFO]: Saving chunks for level 'ServerLevel[world_the_end]'/minecraft:the_end
[05:48:37] [Server thread/INFO]: ThreadedAnvilChunkStorage (world): All chunks are saved
[05:48:37] [Server thread/INFO]: ThreadedAnvilChunkStorage (DIM-1): All chunks are saved
[05:48:37] [Server thread/INFO]: ThreadedAnvilChunkStorage (DIM1): All chunks are saved
[05:48:37] [Server thread/INFO]: ThreadedAnvilChunkStorage: All dimensions are saved
